<?xml version="1.0" encoding="UTF-8"?>
<!-- Generated by org.testng.reporters.JUnitXMLReporter -->
<testsuite hostname="ANKUR-JH9R5PSD" ignored="0" name="GetUserList" tests="8" failures="0" timestamp="2021-11-12T17:09:48 IST" time="6.951" errors="0">
  <testcase name="Validate_get_Users_list" time="2.563" classname="com.qa.TestCases.UserListGetApiTest"/>
  <testcase name="Validate_Add_user_Post" time="0.531" classname="com.qa.TestCases.AddUserPostTest"/>
  <testcase name="Validate_Update_user_put" time="0.463" classname="com.qa.TestCases.UpdatePutTest"/>
  <testcase name="Validate_Patch_update_Request" time="0.542" classname="com.qa.TestCases.PartialUpdatePatchTest"/>
  <testcase name="Validate_add_user_data_driven" time="0.482" classname="com.qa.TestCases.AddUserDataDriven"/>
  <testcase name="Validate_add_user_data_driven" time="0.472" classname="com.qa.TestCases.AddUserDataDriven"/>
  <testcase name="Validate_add_user_data_driven" time="0.5" classname="com.qa.TestCases.AddUserDataDriven"/>
  <testcase name="Validate_add_user_data_driven" time="0.83" classname="com.qa.TestCases.AddUserDataDriven"/>
</testsuite> <!-- GetUserList -->
