<?xml version="1.0" encoding="UTF-8"?>
<!-- Generated by org.testng.reporters.JUnitXMLReporter -->
<testsuite hostname="ANKUR-JH9R5PSD" ignored="0" name="GetUserList" tests="8" failures="0" timestamp="2022-04-03T22:21:26 IST" time="20.123" errors="0">
  <testcase name="Validate_get_Users_list" time="5.593" classname="com.qa.TestCases.UserListGetApiTest"/>
  <testcase name="Validate_Add_user_Post" time="1.517" classname="com.qa.TestCases.AddUserPostTest"/>
  <testcase name="Validate_Update_user_put" time="1.832" classname="com.qa.TestCases.UpdatePutTest"/>
  <testcase name="Validate_Patch_update_Request" time="1.737" classname="com.qa.TestCases.PartialUpdatePatchTest"/>
  <testcase name="Validate_add_user_data_driven" time="2.436" classname="com.qa.TestCases.AddUserDataDriven"/>
  <testcase name="Validate_add_user_data_driven" time="2.133" classname="com.qa.TestCases.AddUserDataDriven"/>
  <testcase name="Validate_add_user_data_driven" time="1.944" classname="com.qa.TestCases.AddUserDataDriven"/>
  <testcase name="Validate_add_user_data_driven" time="1.629" classname="com.qa.TestCases.AddUserDataDriven"/>
</testsuite> <!-- GetUserList -->
