<?xml version="1.0" encoding="UTF-8"?>
<testsuite xmlns:xsi="http://www.w3.org/2001/XMLSchema-instance" xsi:noNamespaceSchemaLocation="https://maven.apache.org/surefire/maven-surefire-plugin/xsd/surefire-test-report-3.0.xsd" version="3.0" name="TestSuite" time="22.247" tests="8" errors="0" skipped="0" failures="0">
  <properties>
[...]
</properties>
  <testcase name="Validate_get_Users_list" classname="com.qa.TestCases.UserListGetApiTest" time="5.612">
    <system-out><![CDATA[onStart method started
New Test StartedValidate_get_Users_list
HTTP/1.1 200 OK
Date: Sun, 03 Apr 2022 16:51:09 GMT
Content-Type: application/json; charset=utf-8
Transfer-Encoding: chunked
Connection: keep-alive
X-Powered-By: Express
Access-Control-Allow-Origin: *
Etag: W/"406-ut0vzoCuidvyMf8arZpMpJ6ZRDw"
Via: 1.1 vegur
Cache-Control: max-age=14400
CF-Cache-Status: HIT
Age: 5318
Expect-CT: max-age=604800, report-uri="https://report-uri.cloudflare.com/cdn-cgi/beacon/expect-ct"
Report-To: {"endpoints":[{"url":"https:\/\/a.nel.cloudflare.com\/report\/v3?s=knCJ%2B94RFd5HfFASIr2dIktb7UKZXHlbrw2fOSScOtaX0YupkZzEqTs5LqfZj1iW6v40Cxvchm1M%2B%2FA8ipXkWmcPgaq4edtl30AnF%2BCPzdm59Kh2CZWDi6EsJc8%3D"}],"group":"cf-nel","max_age":604800}
NEL: {"success_fraction":0,"report_to":"cf-nel","max_age":604800}
Vary: Accept-Encoding
Server: cloudflare
CF-RAY: 6f634eb06d56f3e7-LHR
Content-Encoding: gzip
alt-svc: h3=":443"; ma=86400, h3-29=":443"; ma=86400

{
    "page": 2,
    "per_page": 6,
    "total": 12,
    "total_pages": 2,
    "data": [
        {
            "id": 7,
            "email": "michael.lawson@reqres.in",
            "first_name": "Michael",
            "last_name": "Lawson",
            "avatar": "https://reqres.in/img/faces/7-image.jpg"
        },
        {
            "id": 8,
            "email": "lindsay.ferguson@reqres.in",
            "first_name": "Lindsay",
            "last_name": "Ferguson",
            "avatar": "https://reqres.in/img/faces/8-image.jpg"
        },
        {
            "id": 9,
            "email": "tobias.funke@reqres.in",
            "first_name": "Tobias",
            "last_name": "Funke",
            "avatar": "https://reqres.in/img/faces/9-image.jpg"
        },
        {
            "id": 10,
            "email": "byron.fields@reqres.in",
            "first_name": "Byron",
            "last_name": "Fields",
            "avatar": "https://reqres.in/img/faces/10-image.jpg"
        },
        {
            "id": 11,
            "email": "george.edwards@reqres.in",
            "first_name": "George",
            "last_name": "Edwards",
            "avatar": "https://reqres.in/img/faces/11-image.jpg"
        },
        {
            "id": 12,
            "email": "rachel.howell@reqres.in",
            "first_name": "Rachel",
            "last_name": "Howell",
            "avatar": "https://reqres.in/img/faces/12-image.jpg"
        }
    ],
    "support": {
        "url": "https://reqres.in/#support-heading",
        "text": "To keep ReqRes free, contributions towards server costs are appreciated!"
    }
}
]]></system-out>
    <system-err><![CDATA[SLF4J: Failed to load class "org.slf4j.impl.StaticLoggerBinder".
SLF4J: Defaulting to no-operation (NOP) logger implementation
SLF4J: See http://www.slf4j.org/codes.html#StaticLoggerBinder for further details.
]]></system-err>
  </testcase>
  <testcase name="Validate_Add_user_Post" classname="com.qa.TestCases.AddUserPostTest" time="1.575">
    <system-out><![CDATA[onTestSuccess MethodValidate_get_Users_list
New Test StartedValidate_Add_user_Post
{"job":"QA manager","Name":"Vikram"}
HTTP/1.1 201 Created
Date: Sun, 03 Apr 2022 16:51:12 GMT
Content-Type: application/json; charset=utf-8
Content-Length: 86
Connection: keep-alive
X-Powered-By: Express
Access-Control-Allow-Origin: *
Etag: W/"56-YpydurUp8Bm2Nv2FfaOiHPnF1HY"
Via: 1.1 vegur
CF-Cache-Status: DYNAMIC
Expect-CT: max-age=604800, report-uri="https://report-uri.cloudflare.com/cdn-cgi/beacon/expect-ct"
Report-To: {"endpoints":[{"url":"https:\/\/a.nel.cloudflare.com\/report\/v3?s=Bn4aWQcObC0JQO4rrFO7uzMnazcDmXqi6QbsuyTs8763hsYBCT1y4udau%2B7EAx%2FBS6uQ%2FRIS7YbENdwqsTYtUwBUjM%2B534R8s5hLiSaCim2LBqXyTYjZTjUYlZI%3D"}],"group":"cf-nel","max_age":604800}
NEL: {"success_fraction":0,"report_to":"cf-nel","max_age":604800}
Server: cloudflare
CF-RAY: 6f634ec27ad5719c-LHR
alt-svc: h3=":443"; ma=86400, h3-29=":443"; ma=86400

{
    "job": "QA manager",
    "Name": "Vikram",
    "id": "975",
    "createdAt": "2022-04-03T16:51:12.430Z"
}
]]></system-out>
  </testcase>
  <testcase name="Validate_Update_user_put" classname="com.qa.TestCases.UpdatePutTest" time="1.772">
    <system-out><![CDATA[onTestSuccess MethodValidate_Add_user_Post
New Test StartedValidate_Update_user_put
{"job":"Assitant QA Manager","Name":"Tirath"}
HTTP/1.1 200 OK
Date: Sun, 03 Apr 2022 16:51:14 GMT
Content-Type: application/json; charset=utf-8
Transfer-Encoding: chunked
Connection: keep-alive
X-Powered-By: Express
Access-Control-Allow-Origin: *
Etag: W/"54-ci0PNNN6AIzAkEH9elZflUqfwcY"
Via: 1.1 vegur
CF-Cache-Status: DYNAMIC
Expect-CT: max-age=604800, report-uri="https://report-uri.cloudflare.com/cdn-cgi/beacon/expect-ct"
Report-To: {"endpoints":[{"url":"https:\/\/a.nel.cloudflare.com\/report\/v3?s=qnylghi6l%2B91JEiPd6yuh%2Fo1prz9IPFIzSLqU7hMzwIpbSwcgFQURVZiOpocMsDe7SH4HxUxmqe4%2BhSdwvhYsMHflz3GAOGai0iUkMcOM%2FdueyezHlOSHczNrD0%3D"}],"group":"cf-nel","max_age":604800}
NEL: {"success_fraction":0,"report_to":"cf-nel","max_age":604800}
Vary: Accept-Encoding
Server: cloudflare
CF-RAY: 6f634ecdded37692-LHR
Content-Encoding: gzip
alt-svc: h3=":443"; ma=86400, h3-29=":443"; ma=86400

{
    "job": "Assitant QA Manager",
    "Name": "Tirath",
    "updatedAt": "2022-04-03T16:51:14.251Z"
}
]]></system-out>
  </testcase>
  <testcase name="Validate_Patch_update_Request" classname="com.qa.TestCases.PartialUpdatePatchTest" time="1.73">
    <system-out><![CDATA[onTestSuccess MethodValidate_Update_user_put
New Test StartedValidate_Patch_update_Request
{"job":"QA Manager","Name":"Vikram"}
HTTP/1.1 200 OK
Date: Sun, 03 Apr 2022 16:51:16 GMT
Content-Type: application/json; charset=utf-8
Transfer-Encoding: chunked
Connection: keep-alive
X-Powered-By: Express
Access-Control-Allow-Origin: *
Etag: W/"4b-FT5vaiu9IYr3n73Q+eD9AaAt39s"
Via: 1.1 vegur
CF-Cache-Status: DYNAMIC
Expect-CT: max-age=604800, report-uri="https://report-uri.cloudflare.com/cdn-cgi/beacon/expect-ct"
Report-To: {"endpoints":[{"url":"https:\/\/a.nel.cloudflare.com\/report\/v3?s=7iNfuWaLDGWqsSUxXLf2X%2FztBaYMVnU2Tgo4nLEr5s7wfoXuZhoy9o5cGx8O2UB2pZ5hPiJ9IwSMDecKQFuZUXldAQnzYIRZB70YZerZ%2FlN96I9yKYnzgqC45w0%3D"}],"group":"cf-nel","max_age":604800}
NEL: {"success_fraction":0,"report_to":"cf-nel","max_age":604800}
Server: cloudflare
CF-RAY: 6f634ed8ff1f7755-LHR
Content-Encoding: gzip
alt-svc: h3=":443"; ma=86400, h3-29=":443"; ma=86400

{
    "job": "QA Manager",
    "Name": "Vikram",
    "updatedAt": "2022-04-03T16:51:16.031Z"
}
]]></system-out>
  </testcase>
  <testcase name="Validate_add_user_data_driven[Ankur, Developer](1)" classname="com.qa.TestCases.AddUserDataDriven" time="2.45">
    <system-out><![CDATA[onTestSuccess MethodValidate_Patch_update_Request
New Test StartedValidate_add_user_data_driven
HTTP/1.1 201 Created
Date: Sun, 03 Apr 2022 16:51:19 GMT
Content-Type: application/json; charset=utf-8
Content-Length: 84
Connection: keep-alive
X-Powered-By: Express
Access-Control-Allow-Origin: *
Etag: W/"54-Z9lrQDCLaqn4WQ6d9eq2b0u/pTs"
Via: 1.1 vegur
CF-Cache-Status: DYNAMIC
Expect-CT: max-age=604800, report-uri="https://report-uri.cloudflare.com/cdn-cgi/beacon/expect-ct"
Report-To: {"endpoints":[{"url":"https:\/\/a.nel.cloudflare.com\/report\/v3?s=7E3FrXMx0CE8lhdjXtjM6SlDzWbBPT4OH596EH5ZhgyIGiA8cdK1PMI8rSEmXP0bjEEgN%2FXnvDSBM7%2Bk30Jv8B%2FS1fnU8J6GWgZf2VXGTo1v%2BVqwI%2B1Czwrdsh4%3D"}],"group":"cf-nel","max_age":604800}
NEL: {"success_fraction":0,"report_to":"cf-nel","max_age":604800}
Server: cloudflare
CF-RAY: 6f634eef898776b3-LHR
alt-svc: h3=":443"; ma=86400, h3-29=":443"; ma=86400

{
    "name": "Ankur",
    "job": "Developer",
    "id": "682",
    "createdAt": "2022-04-03T16:51:19.634Z"
}
]]></system-out>
  </testcase>
  <testcase name="Validate_add_user_data_driven[Sandip, QA Lead](2)" classname="com.qa.TestCases.AddUserDataDriven" time="2.132">
    <system-out><![CDATA[onTestSuccess MethodValidate_add_user_data_driven
New Test StartedValidate_add_user_data_driven
HTTP/1.1 201 Created
Date: Sun, 03 Apr 2022 16:51:21 GMT
Content-Type: application/json; charset=utf-8
Content-Length: 82
Connection: keep-alive
X-Powered-By: Express
Access-Control-Allow-Origin: *
Etag: W/"52-XW/jhSCEu8Vml+g11p4rX2FEN+w"
Via: 1.1 vegur
CF-Cache-Status: DYNAMIC
Expect-CT: max-age=604800, report-uri="https://report-uri.cloudflare.com/cdn-cgi/beacon/expect-ct"
Report-To: {"endpoints":[{"url":"https:\/\/a.nel.cloudflare.com\/report\/v3?s=K91x0M0n5uEHZBBJNJhY%2BznZkpiiiWMAitWOzk%2BQBUQBem8wFS38hMyEF%2F3UN6ptWNerlHeshbsP9MqCIsfoqQpQKW1EOkCZlt8CyO0cyrmnI%2F0qtfrJsQD7a2A%3D"}],"group":"cf-nel","max_age":604800}
NEL: {"success_fraction":0,"report_to":"cf-nel","max_age":604800}
Server: cloudflare
CF-RAY: 6f634efcba0106a6-LHR
alt-svc: h3=":443"; ma=86400, h3-29=":443"; ma=86400

{
    "name": "Sandip",
    "job": "QA Lead",
    "id": "72",
    "createdAt": "2022-04-03T16:51:21.752Z"
}
]]></system-out>
  </testcase>
  <testcase name="Validate_add_user_data_driven[Vikaram, QA Manager](3)" classname="com.qa.TestCases.AddUserDataDriven" time="1.942">
    <system-out><![CDATA[onTestSuccess MethodValidate_add_user_data_driven
New Test StartedValidate_add_user_data_driven
HTTP/1.1 201 Created
Date: Sun, 03 Apr 2022 16:51:23 GMT
Content-Type: application/json; charset=utf-8
Content-Length: 87
Connection: keep-alive
X-Powered-By: Express
Access-Control-Allow-Origin: *
Etag: W/"57-xgDWi5S8rxMlqpLFJyizQ1u9myY"
Via: 1.1 vegur
CF-Cache-Status: DYNAMIC
Expect-CT: max-age=604800, report-uri="https://report-uri.cloudflare.com/cdn-cgi/beacon/expect-ct"
Report-To: {"endpoints":[{"url":"https:\/\/a.nel.cloudflare.com\/report\/v3?s=UmswyIBfgt4MLoRDz9gSJ3xBwO1fkUA015lfAFp35hStAlZrH2su%2FG8WUuI23w1OQLkK%2FqBrBUiYVwxMdQWoak0uGHfw%2F6m5%2FXx79mWmrntZG6xqFWuG00RTR6A%3D"}],"group":"cf-nel","max_age":604800}
NEL: {"success_fraction":0,"report_to":"cf-nel","max_age":604800}
Server: cloudflare
CF-RAY: 6f634f08ed158885-LHR
alt-svc: h3=":443"; ma=86400, h3-29=":443"; ma=86400

{
    "name": "Vikaram",
    "job": "QA Manager",
    "id": "733",
    "createdAt": "2022-04-03T16:51:23.693Z"
}
]]></system-out>
  </testcase>
  <testcase name="Validate_add_user_data_driven[Mahavir, QA Lead](4)" classname="com.qa.TestCases.AddUserDataDriven" time="1.627">
    <system-out><![CDATA[onTestSuccess MethodValidate_add_user_data_driven
New Test StartedValidate_add_user_data_driven
HTTP/1.1 201 Created
Date: Sun, 03 Apr 2022 16:51:25 GMT
Content-Type: application/json; charset=utf-8
Content-Length: 84
Connection: keep-alive
X-Powered-By: Express
Access-Control-Allow-Origin: *
Etag: W/"54-J/nSVR1RvzSAaO6qvDrU9vwfztA"
Via: 1.1 vegur
CF-Cache-Status: DYNAMIC
Expect-CT: max-age=604800, report-uri="https://report-uri.cloudflare.com/cdn-cgi/beacon/expect-ct"
Report-To: {"endpoints":[{"url":"https:\/\/a.nel.cloudflare.com\/report\/v3?s=sbDx5oQHSwcvlkUbsT0s8dotWo%2FADFE0eY0e4agOwpe5EJcv4yHpvHIAKlewrOG063DqxpSXEA1j%2FY2R1D%2FFgV73ueLQzqcQARdoPbtUFAPfFEZPKWuLBUfB6E4%3D"}],"group":"cf-nel","max_age":604800}
NEL: {"success_fraction":0,"report_to":"cf-nel","max_age":604800}
Server: cloudflare
CF-RAY: 6f634f1319d47723-LHR
alt-svc: h3=":443"; ma=86400, h3-29=":443"; ma=86400

{
    "name": "Mahavir",
    "job": "QA Lead",
    "id": "953",
    "createdAt": "2022-04-03T16:51:25.325Z"
}
]]></system-out>
  </testcase>
</testsuite>