<?xml version="1.0" encoding="UTF-8"?>
<testng-results skipped="0" failed="0" ignored="0" total="1" passed="1">
  <reporter-output>
  </reporter-output>
  <suite name="Default suite" duration-ms="2641" started-at="2022-04-02T13:23:01 IST" finished-at="2022-04-02T13:23:03 IST">
    <groups>
    </groups>
    <test name="Default test" duration-ms="2641" started-at="2022-04-02T13:23:01 IST" finished-at="2022-04-02T13:23:03 IST">
      <class name="com.qa.TestCases.UpdatePutTest">
        <test-method status="PASS" signature="Validate_Update_user_put()[pri:1, instance:com.qa.TestCases.UpdatePutTest@481a15ff]" name="Validate_Update_user_put" duration-ms="2600" started-at="2022-04-02T13:23:01 IST" finished-at="2022-04-02T13:23:03 IST">
          <reporter-output>
          </reporter-output>
        </test-method> <!-- Validate_Update_user_put -->
      </class> <!-- com.qa.TestCases.UpdatePutTest -->
    </test> <!-- Default test -->
  </suite> <!-- Default suite -->
</testng-results>
